<?xml version="1.0" encoding="UTF-8"?>
<!-- Generated by org.testng.reporters.JUnitReportReporter -->
<testsuite skipped="0" hostname="DESKTOP-RU7T28A" name="RideCellSkillTest.RideCellSkillTest.IntegrationTests1" tests="1" failures="0" timestamp="11 Jan 2021 17:38:58 GMT" time="12.475" errors="0">
  <testcase name="repositoryDetailsTest" time="12.475" classname="RideCellSkillTest.RideCellSkillTest.IntegrationTests1"/>
</testsuite> <!-- RideCellSkillTest.RideCellSkillTest.IntegrationTests1 -->
